<?xml version="1.0" encoding="UTF-8"?>
<testsuite name="com.example.firstproject.ArticleService.ArticleServiceTest" tests="1" skipped="0" failures="1" errors="0" timestamp="2024-07-04T07:46:47" hostname="JEEWOONG" time="0.704">
  <properties/>
  <testcase name="index()" classname="com.example.firstproject.ArticleService.ArticleServiceTest" time="0.704">
    <failure message="org.opentest4j.AssertionFailedError: expected: &lt;[Article(id=1, title=가가가가, content=1111), Article(id=2, title=나나나나, content=2222), Article(id=3, title=다다다다, content=3333)]&gt; but was: &lt;[Article(id=1, title=媛�媛�媛�媛�, content=1111), Article(id=2, title=�굹�굹�굹�굹, content=2222), Article(id=3, title=�떎�떎�떎�떎, content=3333)]&gt;" type="org.opentest4j.AssertionFailedError">org.opentest4j.AssertionFailedError: expected: &lt;[Article(id=1, title=가가가가, content=1111), Article(id=2, title=나나나나, content=2222), Article(id=3, title=다다다다, content=3333)]&gt; but was: &lt;[Article(id=1, title=媛�媛�媛�媛�, content=1111), Article(id=2, title=�굹�굹�굹�굹, content=2222), Article(id=3, title=�떎�떎�떎�떎, content=3333)]&gt;
	at app//org.junit.jupiter.api.AssertionFailureBuilder.build(AssertionFailureBuilder.java:151)
	at app//org.junit.jupiter.api.AssertionFailureBuilder.buildAndThrow(AssertionFailureBuilder.java:132)
	at app//org.junit.jupiter.api.AssertEquals.failNotEqual(AssertEquals.java:197)
	at app//org.junit.jupiter.api.AssertEquals.assertEquals(AssertEquals.java:182)
	at app//org.junit.jupiter.api.AssertEquals.assertEquals(AssertEquals.java:177)
	at app//org.junit.jupiter.api.Assertions.assertEquals(Assertions.java:1145)
	at app//com.example.firstproject.ArticleService.ArticleServiceTest.index(ArticleServiceTest.java:24)
	at java.base@17.0.11/java.lang.reflect.Method.invoke(Method.java:568)
	at java.base@17.0.11/java.util.ArrayList.forEach(ArrayList.java:1511)
	at java.base@17.0.11/java.util.ArrayList.forEach(ArrayList.java:1511)
</failure>
  </testcase>
  <system-out><![CDATA[16:46:42.965 [Test worker] INFO org.springframework.test.context.support.AnnotationConfigContextLoaderUtils -- Could not detect default configuration classes for test class [com.example.firstproject.ArticleService.ArticleServiceTest]: ArticleServiceTest does not declare any static, non-private, non-final, nested classes annotated with @Configuration.
16:46:43.103 [Test worker] INFO org.springframework.boot.test.context.SpringBootTestContextBootstrapper -- Found @SpringBootConfiguration com.example.firstproject.FirstprojectApplication for test class com.example.firstproject.ArticleService.ArticleServiceTest

  .   ____          _            __ _ _
 /\\ / ___'_ __ _ _(_)_ __  __ _ \ \ \ \
( ( )\___ | '_ | '_| | '_ \/ _` | \ \ \ \
 \\/  ___)| |_)| | | | | || (_| |  ) ) ) )
  '  |____| .__|_| |_|_| |_\__, | / / / /
 =========|_|==============|___/=/_/_/_/

 :: Spring Boot ::                (v3.3.1)

2024-07-04T16:46:43.564+09:00  INFO 35424 --- [firstproject] [    Test worker] c.e.f.ArticleService.ArticleServiceTest  : Starting ArticleServiceTest using Java 17.0.11 with PID 35424 (started by jeewo in C:\coding\spring\firstproject)
2024-07-04T16:46:43.566+09:00  INFO 35424 --- [firstproject] [    Test worker] c.e.f.ArticleService.ArticleServiceTest  : No active profile set, falling back to 1 default profile: "default"
2024-07-04T16:46:44.333+09:00  INFO 35424 --- [firstproject] [    Test worker] .s.d.r.c.RepositoryConfigurationDelegate : Bootstrapping Spring Data JPA repositories in DEFAULT mode.
2024-07-04T16:46:44.407+09:00  INFO 35424 --- [firstproject] [    Test worker] .s.d.r.c.RepositoryConfigurationDelegate : Finished Spring Data repository scanning in 61 ms. Found 1 JPA repository interface.
2024-07-04T16:46:44.896+09:00  INFO 35424 --- [firstproject] [    Test worker] com.zaxxer.hikari.HikariDataSource       : HikariPool-1 - Starting...
2024-07-04T16:46:45.091+09:00  INFO 35424 --- [firstproject] [    Test worker] com.zaxxer.hikari.pool.HikariPool        : HikariPool-1 - Added connection conn0: url=jdbc:h2:mem:testdb user=SA
2024-07-04T16:46:45.093+09:00  INFO 35424 --- [firstproject] [    Test worker] com.zaxxer.hikari.HikariDataSource       : HikariPool-1 - Start completed.
2024-07-04T16:46:45.156+09:00  INFO 35424 --- [firstproject] [    Test worker] o.hibernate.jpa.internal.util.LogHelper  : HHH000204: Processing PersistenceUnitInfo [name: default]
2024-07-04T16:46:45.253+09:00  INFO 35424 --- [firstproject] [    Test worker] org.hibernate.Version                    : HHH000412: Hibernate ORM core version 6.5.2.Final
2024-07-04T16:46:45.298+09:00  INFO 35424 --- [firstproject] [    Test worker] o.h.c.internal.RegionFactoryInitiator    : HHH000026: Second-level cache disabled
2024-07-04T16:46:45.690+09:00  INFO 35424 --- [firstproject] [    Test worker] o.s.o.j.p.SpringPersistenceUnitInfo      : No LoadTimeWeaver setup: ignoring JPA class transformer
2024-07-04T16:46:46.533+09:00  INFO 35424 --- [firstproject] [    Test worker] o.h.e.t.j.p.i.JtaPlatformInitiator       : HHH000489: No JTA platform available (set 'hibernate.transaction.jta.platform' to enable JTA platform integration)
2024-07-04T16:46:46.569+09:00  INFO 35424 --- [firstproject] [    Test worker] j.LocalContainerEntityManagerFactoryBean : Initialized JPA EntityManagerFactory for persistence unit 'default'
2024-07-04T16:46:47.008+09:00  WARN 35424 --- [firstproject] [    Test worker] JpaBaseConfiguration$JpaWebConfiguration : spring.jpa.open-in-view is enabled by default. Therefore, database queries may be performed during view rendering. Explicitly configure spring.jpa.open-in-view to disable this warning
2024-07-04T16:46:47.462+09:00  INFO 35424 --- [firstproject] [    Test worker] o.s.b.a.h2.H2ConsoleAutoConfiguration    : H2 console available at '/h2-console'. Database available at 'jdbc:h2:mem:testdb'
2024-07-04T16:46:47.564+09:00  INFO 35424 --- [firstproject] [    Test worker] c.e.f.ArticleService.ArticleServiceTest  : Started ArticleServiceTest in 4.244 seconds (process running for 5.732)
]]></system-out>
  <system-err><![CDATA[]]></system-err>
</testsuite>
